[0.011s] Invoking command in '/home/yhg/Documents/docs/zhongli/cpp_version/build/ros2_zhongli_bridge_cpp': CMAKE_PREFIX_PATH=/opt/ros/humble /usr/bin/cmake --build /home/yhg/Documents/docs/zhongli/cpp_version/build/ros2_zhongli_bridge_cpp -- -j20 -l20
[0.122s] Consolidate compiler generated dependencies of target zhongli_protocol_types
[0.148s] [  9%] Building CXX object src/lib/CMakeFiles/zhongli_protocol_types.dir/zhongli_protocol_types.cpp.o
[1.129s] [ 18%] Linking CXX shared library libzhongli_protocol_types.so
[1.211s] [ 18%] Built target zhongli_protocol_types
[1.224s] Consolidate compiler generated dependencies of target zhongli_mqtt_client
[1.241s] [ 27%] Building CXX object src/lib/CMakeFiles/zhongli_mqtt_client.dir/zhongli_mqtt_client.cpp.o
[2.937s] [ 36%] Linking CXX shared library libzhongli_mqtt_client.so
[3.015s] [ 36%] Built target zhongli_mqtt_client
[3.030s] Consolidate compiler generated dependencies of target ros2_zhongli_bridge
[3.075s] [ 45%] Building CXX object src/lib/CMakeFiles/ros2_zhongli_bridge.dir/ros2_zhongli_bridge.cpp.o
[3.076s] [ 54%] Building CXX object src/lib/CMakeFiles/ros2_zhongli_bridge.dir/path_converter.cpp.o
[4.644s] /home/yhg/Documents/docs/zhongli/cpp_version/src/lib/path_converter.cpp: In member function ‘bool zhongli_bridge::PathConverter::validate_trajectory(const std::vector<zhongli_protocol::TrajectoryPoint>&)’:
[4.645s] /home/yhg/Documents/docs/zhongli/cpp_version/src/lib/path_converter.cpp:172:19: error: ‘const struct zhongli_protocol::TrajectoryPoint’ has no member named ‘speed’
[4.645s]   172 |         if (point.speed < 0.0 || point.speed > 10.0) {  // 合理的速度范围：0-10 m/s
[4.645s]       |                   ^~~~~
[4.645s] /home/yhg/Documents/docs/zhongli/cpp_version/src/lib/path_converter.cpp:172:40: error: ‘const struct zhongli_protocol::TrajectoryPoint’ has no member named ‘speed’
[4.645s]   172 |         if (point.speed < 0.0 || point.speed > 10.0) {  // 合理的速度范围：0-10 m/s
[4.645s]       |                                        ^~~~~
[4.876s] In file included from /opt/ros/humble/include/rclcpp/rclcpp/logging.hpp:24,
[4.876s]                  from /opt/ros/humble/include/rclcpp/rclcpp/client.hpp:40,
[4.876s]                  from /opt/ros/humble/include/rclcpp/rclcpp/callback_group.hpp:24,
[4.876s]                  from /opt/ros/humble/include/rclcpp/rclcpp/any_executable.hpp:20,
[4.876s]                  from /opt/ros/humble/include/rclcpp/rclcpp/memory_strategy.hpp:25,
[4.876s]                  from /opt/ros/humble/include/rclcpp/rclcpp/memory_strategies.hpp:18,
[4.876s]                  from /opt/ros/humble/include/rclcpp/rclcpp/executor_options.hpp:20,
[4.876s]                  from /opt/ros/humble/include/rclcpp/rclcpp/executor.hpp:37,
[4.876s]                  from /opt/ros/humble/include/rclcpp/rclcpp/executors/multi_threaded_executor.hpp:25,
[4.876s]                  from /opt/ros/humble/include/rclcpp/rclcpp/executors.hpp:21,
[4.876s]                  from /opt/ros/humble/include/rclcpp/rclcpp/rclcpp.hpp:155,
[4.876s]                  from /home/yhg/Documents/docs/zhongli/cpp_version/src/include/ros2_zhongli_bridge.hpp:3,
[4.876s]                  from /home/yhg/Documents/docs/zhongli/cpp_version/src/lib/ros2_zhongli_bridge.cpp:1:
[4.876s] /home/yhg/Documents/docs/zhongli/cpp_version/src/lib/ros2_zhongli_bridge.cpp: In member function ‘bool zhongli_bridge::ROS2ZhongliBridge::initialize()’:
[4.876s] /home/yhg/Documents/docs/zhongli/cpp_version/src/lib/ros2_zhongli_bridge.cpp:30:41: warning: zero-length gnu_printf format string [-Wformat-zero-length]
[4.876s]    30 |         RCLCPP_INFO(this->get_logger(), "");
[4.876s]       |                                         ^~
[4.878s] /home/yhg/Documents/docs/zhongli/cpp_version/src/lib/ros2_zhongli_bridge.cpp:51:41: warning: zero-length gnu_printf format string [-Wformat-zero-length]
[4.878s]    51 |         RCLCPP_INFO(this->get_logger(), "");
[4.878s]       |                                         ^~
[5.268s] gmake[2]: *** [src/lib/CMakeFiles/ros2_zhongli_bridge.dir/build.make:90: src/lib/CMakeFiles/ros2_zhongli_bridge.dir/path_converter.cpp.o] Error 1
[5.268s] gmake[2]: *** Waiting for unfinished jobs....
[16.447s] gmake[1]: *** [CMakeFiles/Makefile2:257: src/lib/CMakeFiles/ros2_zhongli_bridge.dir/all] Error 2
[16.448s] gmake: *** [Makefile:146: all] Error 2
[16.465s] Invoked command in '/home/yhg/Documents/docs/zhongli/cpp_version/build/ros2_zhongli_bridge_cpp' returned '2': CMAKE_PREFIX_PATH=/opt/ros/humble /usr/bin/cmake --build /home/yhg/Documents/docs/zhongli/cpp_version/build/ros2_zhongli_bridge_cpp -- -j20 -l20
