[0.007s] Invoking command in '/home/yhg/Documents/docs/zhongli/cpp_version/build/ros2_zhongli_bridge_cpp': CMAKE_PREFIX_PATH=/opt/ros/humble /usr/bin/cmake /home/yhg/Documents/docs/zhongli/cpp_version -DAMENT_CMAKE_SYMLINK_INSTALL=1 -DCMAKE_INSTALL_PREFIX=/home/yhg/Documents/docs/zhongli/cpp_version/install/ros2_zhongli_bridge_cpp
[0.015s] -- Found ament_cmake: 1.3.12 (/opt/ros/humble/share/ament_cmake/cmake)
[0.091s] -- Override CMake install command with custom implementation using symlinks instead of copying resources
[0.100s] -- Found rclcpp: 16.0.14 (/opt/ros/humble/share/rclcpp/cmake)
[0.125s] -- Found rosidl_generator_c: 3.1.7 (/opt/ros/humble/share/rosidl_generator_c/cmake)
[0.127s] -- Found rosidl_adapter: 3.1.7 (/opt/ros/humble/share/rosidl_adapter/cmake)
[0.131s] -- Found rosidl_generator_cpp: 3.1.7 (/opt/ros/humble/share/rosidl_generator_cpp/cmake)
[0.138s] -- Using all available rosidl_typesupport_c: rosidl_typesupport_fastrtps_c;rosidl_typesupport_introspection_c
[0.148s] -- Using all available rosidl_typesupport_cpp: rosidl_typesupport_fastrtps_cpp;rosidl_typesupport_introspection_cpp
[0.180s] -- Found rmw_implementation_cmake: 6.1.2 (/opt/ros/humble/share/rmw_implementation_cmake/cmake)
[0.182s] -- Found rmw_fastrtps_cpp: 6.2.8 (/opt/ros/humble/share/rmw_fastrtps_cpp/cmake)
[0.248s] -- Using RMW implementation 'rmw_fastrtps_cpp' as default
[0.301s] -- Found geometry_msgs: 4.9.0 (/opt/ros/humble/share/geometry_msgs/cmake)
[0.309s] -- Found nav_msgs: 4.9.0 (/opt/ros/humble/share/nav_msgs/cmake)
[0.319s] -- Found nav2_msgs: 1.1.18 (/opt/ros/humble/share/nav2_msgs/cmake)
[0.354s] -- Found tf2_ros: 0.25.16 (/opt/ros/humble/share/tf2_ros/cmake)
[0.397s] -- Found tf2_geometry_msgs: 0.25.16 (/opt/ros/humble/share/tf2_geometry_msgs/cmake)
[0.400s] -- Found eigen3_cmake_module: 0.1.1 (/opt/ros/humble/share/eigen3_cmake_module/cmake)
[0.401s] -- Ensuring Eigen3 include directory is part of orocos-kdl CMake target
[0.410s] -- Found mosquitto via pkg-config: mosquitto
[0.410s] -- Found mosquitto headers: 
[0.414s] -- Found ament_lint_auto: 0.12.14 (/opt/ros/humble/share/ament_lint_auto/cmake)
[0.415s] -- Found ament_cmake_gtest: 1.3.12 (/opt/ros/humble/share/ament_cmake_gtest/cmake)
[0.459s] -- Configuring done
[0.472s] -- Generating done
[0.477s] -- Build files have been written to: /home/yhg/Documents/docs/zhongli/cpp_version/build/ros2_zhongli_bridge_cpp
[0.484s] Invoked command in '/home/yhg/Documents/docs/zhongli/cpp_version/build/ros2_zhongli_bridge_cpp' returned '0': CMAKE_PREFIX_PATH=/opt/ros/humble /usr/bin/cmake /home/yhg/Documents/docs/zhongli/cpp_version -DAMENT_CMAKE_SYMLINK_INSTALL=1 -DCMAKE_INSTALL_PREFIX=/home/yhg/Documents/docs/zhongli/cpp_version/install/ros2_zhongli_bridge_cpp
[0.485s] Invoking command in '/home/yhg/Documents/docs/zhongli/cpp_version/build/ros2_zhongli_bridge_cpp': CMAKE_PREFIX_PATH=/opt/ros/humble /usr/bin/cmake --build /home/yhg/Documents/docs/zhongli/cpp_version/build/ros2_zhongli_bridge_cpp -- -j20 -l20
[0.533s] Consolidate compiler generated dependencies of target zhongli_protocol_types
[0.550s] [  9%] Building CXX object src/lib/CMakeFiles/zhongli_protocol_types.dir/zhongli_protocol_types.cpp.o
[1.392s] [ 18%] Linking CXX shared library libzhongli_protocol_types.so
[1.445s] [ 18%] Built target zhongli_protocol_types
[1.452s] Consolidate compiler generated dependencies of target zhongli_mqtt_client
[1.461s] [ 27%] Building CXX object src/lib/CMakeFiles/zhongli_mqtt_client.dir/zhongli_mqtt_client.cpp.o
[3.069s] [ 36%] Linking CXX shared library libzhongli_mqtt_client.so
[3.141s] [ 36%] Built target zhongli_mqtt_client
[3.153s] Consolidate compiler generated dependencies of target ros2_zhongli_bridge
[3.172s] [ 45%] Building CXX object src/lib/CMakeFiles/ros2_zhongli_bridge.dir/path_converter.cpp.o
[3.173s] [ 54%] Building CXX object src/lib/CMakeFiles/ros2_zhongli_bridge.dir/ros2_zhongli_bridge.cpp.o
[4.835s] In file included from /opt/ros/humble/include/rclcpp/rclcpp/logging.hpp:24,
[4.835s]                  from /opt/ros/humble/include/rclcpp/rclcpp/client.hpp:40,
[4.835s]                  from /opt/ros/humble/include/rclcpp/rclcpp/callback_group.hpp:24,
[4.835s]                  from /opt/ros/humble/include/rclcpp/rclcpp/any_executable.hpp:20,
[4.835s]                  from /opt/ros/humble/include/rclcpp/rclcpp/memory_strategy.hpp:25,
[4.835s]                  from /opt/ros/humble/include/rclcpp/rclcpp/memory_strategies.hpp:18,
[4.835s]                  from /opt/ros/humble/include/rclcpp/rclcpp/executor_options.hpp:20,
[4.835s]                  from /opt/ros/humble/include/rclcpp/rclcpp/executor.hpp:37,
[4.835s]                  from /opt/ros/humble/include/rclcpp/rclcpp/executors/multi_threaded_executor.hpp:25,
[4.835s]                  from /opt/ros/humble/include/rclcpp/rclcpp/executors.hpp:21,
[4.836s]                  from /opt/ros/humble/include/rclcpp/rclcpp/rclcpp.hpp:155,
[4.836s]                  from /home/yhg/Documents/docs/zhongli/cpp_version/src/include/ros2_zhongli_bridge.hpp:3,
[4.836s]                  from /home/yhg/Documents/docs/zhongli/cpp_version/src/lib/ros2_zhongli_bridge.cpp:1:
[4.836s] /home/yhg/Documents/docs/zhongli/cpp_version/src/lib/ros2_zhongli_bridge.cpp: In member function ‘bool zhongli_bridge::ROS2ZhongliBridge::initialize()’:
[4.836s] /home/yhg/Documents/docs/zhongli/cpp_version/src/lib/ros2_zhongli_bridge.cpp:30:41: warning: zero-length gnu_printf format string [-Wformat-zero-length]
[4.836s]    30 |         RCLCPP_INFO(this->get_logger(), "");
[4.836s]       |                                         ^~
[4.836s] /home/yhg/Documents/docs/zhongli/cpp_version/src/lib/ros2_zhongli_bridge.cpp:41:41: warning: zero-length gnu_printf format string [-Wformat-zero-length]
[4.836s]    41 |         RCLCPP_INFO(this->get_logger(), "");
[4.836s]       |                                         ^~
[15.197s] [ 63%] Linking CXX shared library libros2_zhongli_bridge.so
[15.954s] [ 63%] Built target ros2_zhongli_bridge
[15.963s] Consolidate compiler generated dependencies of target zhongli_bridge_node
[15.964s] Consolidate compiler generated dependencies of target test_real_plan_subscription
[15.978s] [ 81%] Building CXX object src/tests/CMakeFiles/test_real_plan_subscription.dir/test_real_plan_subscription.cpp.o
[15.978s] [ 81%] Building CXX object CMakeFiles/zhongli_bridge_node.dir/src/main.cpp.o
[17.515s] /home/yhg/Documents/docs/zhongli/cpp_version/src/tests/test_real_plan_subscription.cpp: In member function ‘void RealPlanSubscriptionTest::analyze_received_path(const Path&)’:
[17.515s] /home/yhg/Documents/docs/zhongli/cpp_version/src/tests/test_real_plan_subscription.cpp:90:41: error: ‘quaternion_to_yaw_degrees’ is not a member of ‘zhongli_bridge::PathConverter’
[17.515s]    90 |             double yaw = PathConverter::quaternion_to_yaw_degrees(pose.orientation);
[17.515s]       |                                         ^~~~~~~~~~~~~~~~~~~~~~~~~
[18.568s] [ 90%] Linking CXX executable zhongli_bridge_node
[18.844s] [ 90%] Built target zhongli_bridge_node
[19.072s] gmake[2]: *** [src/tests/CMakeFiles/test_real_plan_subscription.dir/build.make:76: src/tests/CMakeFiles/test_real_plan_subscription.dir/test_real_plan_subscription.cpp.o] Error 1
[19.072s] gmake[1]: *** [CMakeFiles/Makefile2:285: src/tests/CMakeFiles/test_real_plan_subscription.dir/all] Error 2
[19.072s] gmake: *** [Makefile:146: all] Error 2
[19.073s] Invoked command in '/home/yhg/Documents/docs/zhongli/cpp_version/build/ros2_zhongli_bridge_cpp' returned '2': CMAKE_PREFIX_PATH=/opt/ros/humble /usr/bin/cmake --build /home/yhg/Documents/docs/zhongli/cpp_version/build/ros2_zhongli_bridge_cpp -- -j20 -l20
