In file included from /home/yhg/Documents/docs/zhongli/cpp_version/src/lib/ros2_zhongli_bridge.cpp:1:
/home/yhg/Documents/docs/zhongli/cpp_version/src/include/ros2_zhongli_bridge.hpp:11:10: fatal error: actionlib_msgs/msg/goal_status.hpp: No such file or directory
   11 | #include <actionlib_msgs/msg/goal_status.hpp>
      |          ^~~~~~~~~~~~~~~~~~~~~~~~~~~~~~~~~~~~
compilation terminated.
gmake[2]: *** [src/lib/CMakeFiles/ros2_zhongli_bridge.dir/build.make:76: src/lib/CMakeFiles/ros2_zhongli_bridge.dir/ros2_zhongli_bridge.cpp.o] Error 1
gmake[1]: *** [CMakeFiles/Makefile2:257: src/lib/CMakeFiles/ros2_zhongli_bridge.dir/all] Error 2
gmake: *** [Makefile:146: all] Error 2
