[0.005s] Invoking command in '/home/yhg/Documents/docs/zhongli/cpp_version/build/ros2_zhongli_bridge_cpp': CMAKE_PREFIX_PATH=/opt/ros/humble /usr/bin/cmake --build /home/yhg/Documents/docs/zhongli/cpp_version/build/ros2_zhongli_bridge_cpp -- -j20 -l20
[0.023s] -- Found ament_cmake: 1.3.12 (/opt/ros/humble/share/ament_cmake/cmake)
[0.114s] -- Override CMake install command with custom implementation using symlinks instead of copying resources
[0.117s] -- Found rclcpp: 16.0.14 (/opt/ros/humble/share/rclcpp/cmake)
[0.133s] -- Found rosidl_generator_c: 3.1.7 (/opt/ros/humble/share/rosidl_generator_c/cmake)
[0.134s] -- Found rosidl_adapter: 3.1.7 (/opt/ros/humble/share/rosidl_adapter/cmake)
[0.137s] -- Found rosidl_generator_cpp: 3.1.7 (/opt/ros/humble/share/rosidl_generator_cpp/cmake)
[0.143s] -- Using all available rosidl_typesupport_c: rosidl_typesupport_fastrtps_c;rosidl_typesupport_introspection_c
[0.149s] -- Using all available rosidl_typesupport_cpp: rosidl_typesupport_fastrtps_cpp;rosidl_typesupport_introspection_cpp
[0.166s] -- Found rmw_implementation_cmake: 6.1.2 (/opt/ros/humble/share/rmw_implementation_cmake/cmake)
[0.166s] -- Found rmw_fastrtps_cpp: 6.2.8 (/opt/ros/humble/share/rmw_fastrtps_cpp/cmake)
[0.236s] -- Using RMW implementation 'rmw_fastrtps_cpp' as default
[0.263s] -- Found geometry_msgs: 4.9.0 (/opt/ros/humble/share/geometry_msgs/cmake)
[0.269s] -- Found nav_msgs: 4.9.0 (/opt/ros/humble/share/nav_msgs/cmake)
[0.277s] -- Found nav2_msgs: 1.1.18 (/opt/ros/humble/share/nav2_msgs/cmake)
[0.299s] -- Found tf2_ros: 0.25.16 (/opt/ros/humble/share/tf2_ros/cmake)
[0.330s] -- Found tf2_geometry_msgs: 0.25.16 (/opt/ros/humble/share/tf2_geometry_msgs/cmake)
[0.332s] -- Found eigen3_cmake_module: 0.1.1 (/opt/ros/humble/share/eigen3_cmake_module/cmake)
[0.332s] -- Ensuring Eigen3 include directory is part of orocos-kdl CMake target
[0.342s] -- Found mosquitto via pkg-config: mosquitto
[0.342s] -- Found mosquitto headers: 
[0.345s] -- Found ament_lint_auto: 0.12.14 (/opt/ros/humble/share/ament_lint_auto/cmake)
[0.345s] -- Found ament_cmake_gtest: 1.3.12 (/opt/ros/humble/share/ament_cmake_gtest/cmake)
[0.383s] -- Configuring done
[0.396s] -- Generating done
[0.400s] -- Build files have been written to: /home/yhg/Documents/docs/zhongli/cpp_version/build/ros2_zhongli_bridge_cpp
[0.426s] Consolidate compiler generated dependencies of target zhongli_protocol_types
[0.440s] [ 18%] Built target zhongli_protocol_types
[0.450s] Consolidate compiler generated dependencies of target zhongli_mqtt_client
[0.460s] [ 36%] Built target zhongli_mqtt_client
[0.478s] Consolidate compiler generated dependencies of target ros2_zhongli_bridge
[0.494s] [ 45%] Building CXX object src/lib/CMakeFiles/ros2_zhongli_bridge.dir/ros2_zhongli_bridge.cpp.o
[2.181s] In file included from /opt/ros/humble/include/rclcpp/rclcpp/logging.hpp:24,
[2.181s]                  from /opt/ros/humble/include/rclcpp/rclcpp/client.hpp:40,
[2.182s]                  from /opt/ros/humble/include/rclcpp/rclcpp/callback_group.hpp:24,
[2.182s]                  from /opt/ros/humble/include/rclcpp/rclcpp/any_executable.hpp:20,
[2.182s]                  from /opt/ros/humble/include/rclcpp/rclcpp/memory_strategy.hpp:25,
[2.182s]                  from /opt/ros/humble/include/rclcpp/rclcpp/memory_strategies.hpp:18,
[2.182s]                  from /opt/ros/humble/include/rclcpp/rclcpp/executor_options.hpp:20,
[2.182s]                  from /opt/ros/humble/include/rclcpp/rclcpp/executor.hpp:37,
[2.182s]                  from /opt/ros/humble/include/rclcpp/rclcpp/executors/multi_threaded_executor.hpp:25,
[2.182s]                  from /opt/ros/humble/include/rclcpp/rclcpp/executors.hpp:21,
[2.182s]                  from /opt/ros/humble/include/rclcpp/rclcpp/rclcpp.hpp:155,
[2.182s]                  from /home/yhg/Documents/docs/zhongli/cpp_version/src/include/ros2_zhongli_bridge.hpp:3,
[2.182s]                  from /home/yhg/Documents/docs/zhongli/cpp_version/src/lib/ros2_zhongli_bridge.cpp:1:
[2.182s] /home/yhg/Documents/docs/zhongli/cpp_version/src/lib/ros2_zhongli_bridge.cpp: In member function ‘bool zhongli_bridge::ROS2ZhongliBridge::initialize()’:
[2.182s] /home/yhg/Documents/docs/zhongli/cpp_version/src/lib/ros2_zhongli_bridge.cpp:30:41: warning: zero-length gnu_printf format string [-Wformat-zero-length]
[2.182s]    30 |         RCLCPP_INFO(this->get_logger(), "");
[2.182s]       |                                         ^~
[2.182s] /home/yhg/Documents/docs/zhongli/cpp_version/src/lib/ros2_zhongli_bridge.cpp:41:41: warning: zero-length gnu_printf format string [-Wformat-zero-length]
[2.183s]    41 |         RCLCPP_INFO(this->get_logger(), "");
[2.183s]       |                                         ^~
[2.226s] /home/yhg/Documents/docs/zhongli/cpp_version/src/lib/ros2_zhongli_bridge.cpp: In member function ‘void zhongli_bridge::ROS2ZhongliBridge::publish_navigation_status(const zhongli_protocol::TrajectoryStatusMessage&)’:
[2.226s] /home/yhg/Documents/docs/zhongli/cpp_version/src/lib/ros2_zhongli_bridge.cpp:362:21: error: ‘struct action_msgs::msg::GoalStatus_<std::allocator<void> >’ has no member named ‘text’
[2.226s]   362 |         goal_status.text = "Navigation failed: " + status_msg.errorDesc + " (Error code: " + std::to_string(status_msg.errorCode) + ")";
[2.226s]       |                     ^~~~
[2.226s] /home/yhg/Documents/docs/zhongli/cpp_version/src/lib/ros2_zhongli_bridge.cpp:364:21: error: ‘struct action_msgs::msg::GoalStatus_<std::allocator<void> >’ has no member named ‘text’
[2.226s]   364 |         goal_status.text = "Navigation " + status_msg.status;
[2.226s]       |                     ^~~~
[2.226s] /home/yhg/Documents/docs/zhongli/cpp_version/src/lib/ros2_zhongli_bridge.cpp:366:25: error: ‘struct action_msgs::msg::GoalStatus_<std::allocator<void> >’ has no member named ‘text’
[2.227s]   366 |             goal_status.text += " - Point " + std::to_string(status_msg.currentPointIndex.value());
[2.227s]       |                         ^~~~
[2.227s] In file included from /opt/ros/humble/include/rclcpp/rclcpp/logging.hpp:24,
[2.227s]                  from /opt/ros/humble/include/rclcpp/rclcpp/client.hpp:40,
[2.227s]                  from /opt/ros/humble/include/rclcpp/rclcpp/callback_group.hpp:24,
[2.227s]                  from /opt/ros/humble/include/rclcpp/rclcpp/any_executable.hpp:20,
[2.227s]                  from /opt/ros/humble/include/rclcpp/rclcpp/memory_strategy.hpp:25,
[2.227s]                  from /opt/ros/humble/include/rclcpp/rclcpp/memory_strategies.hpp:18,
[2.227s]                  from /opt/ros/humble/include/rclcpp/rclcpp/executor_options.hpp:20,
[2.227s]                  from /opt/ros/humble/include/rclcpp/rclcpp/executor.hpp:37,
[2.227s]                  from /opt/ros/humble/include/rclcpp/rclcpp/executors/multi_threaded_executor.hpp:25,
[2.227s]                  from /opt/ros/humble/include/rclcpp/rclcpp/executors.hpp:21,
[2.227s]                  from /opt/ros/humble/include/rclcpp/rclcpp/rclcpp.hpp:155,
[2.227s]                  from /home/yhg/Documents/docs/zhongli/cpp_version/src/include/ros2_zhongli_bridge.hpp:3,
[2.227s]                  from /home/yhg/Documents/docs/zhongli/cpp_version/src/lib/ros2_zhongli_bridge.cpp:1:
[2.227s] /home/yhg/Documents/docs/zhongli/cpp_version/src/lib/ros2_zhongli_bridge.cpp:373:62: error: ‘struct action_msgs::msg::GoalStatus_<std::allocator<void> >’ has no member named ‘text’
[2.227s]   373 |                 status_msg.trajectoryId.c_str(), goal_status.text.c_str());
[2.227s]       |                                                              ^~~~
[6.146s] gmake[2]: *** [src/lib/CMakeFiles/ros2_zhongli_bridge.dir/build.make:76: src/lib/CMakeFiles/ros2_zhongli_bridge.dir/ros2_zhongli_bridge.cpp.o] Error 1
[6.146s] gmake[1]: *** [CMakeFiles/Makefile2:257: src/lib/CMakeFiles/ros2_zhongli_bridge.dir/all] Error 2
[6.146s] gmake: *** [Makefile:146: all] Error 2
[6.148s] Invoked command in '/home/yhg/Documents/docs/zhongli/cpp_version/build/ros2_zhongli_bridge_cpp' returned '2': CMAKE_PREFIX_PATH=/opt/ros/humble /usr/bin/cmake --build /home/yhg/Documents/docs/zhongli/cpp_version/build/ros2_zhongli_bridge_cpp -- -j20 -l20
